<?xml version="1.0" encoding="UTF-8"?>
<!-- Generated by org.testng.reporters.JUnitReportReporter -->
<testsuite skipped="0" hostname="Musas-MacBook-Pro.local" name="agileTrailBlazers.stepdefination.StepdefinationTest" tests="1" failures="0" timestamp="08 Mar 2018 19:38:38 GMT" time="1.772" errors="0">
  <testcase name="test1" time="1.772" classname="agileTrailBlazers.stepdefination.StepdefinationTest"/>
</testsuite> <!-- agileTrailBlazers.stepdefination.StepdefinationTest -->
